<?xml version="1.0" encoding="utf-8"?>
<shfbBuild product="Sandcastle Help File Builder and Tools" version="2018.12.10.0" projectFile="C:\5865\donet_2018_5865\HolaMundo\DocumentacionHolaMundo\DocumentacionHolaMundo.shfbproj" started="28/01/2019 14:10:34">
<buildStep step="Initializing">
Finding tools...
The Sandcastle tools are located in &#39;C:\Program Files (x86)\EWSoftware\Sandcastle Help File Builder\&#39;
Locating components in the following folder(s):
    C:\5865\donet_2018_5865\HolaMundo\DocumentacionHolaMundo
    C:\ProgramData\EWSoftware\Sandcastle Help File Builder\Components and Plug-Ins\
    C:\Program Files (x86)\EWSoftware\Sandcastle Help File Builder\
Using framework reflection data for &#39;.NET Framework 4.6.1&#39; located in &#39;C:\Program Files (x86)\EWSoftware\Sandcastle Help File Builder\Data\.NETFramework&#39;
Using presentation style &#39;VS2013&#39; located in &#39;C:\Program Files (x86)\EWSoftware\Sandcastle Help File Builder\PresentationStyles\VS2013&#39;
Loading and initializing plug-ins...
Lightweight Website Style Version 2018.12.10.0
Copyright &#169; 2006-2018, Eric Woodruff, All Rights Reserved
Portions Copyright &#169; 2014, Sam Harwell, All Rights Reserved
</buildStep>
<buildStep step="ClearWorkFolder">
Clearing working folder...
-------------------------------
Clearing any prior web/markdown output...
</buildStep>
<buildStep step="ValidatingDocumentationSources">
Validating and copying documentation source information
Source: C:\5865\donet_2018_5865\HolaMundo\HolaMundo\HolaMundo.csproj
    Found project &#39;C:\5865\donet_2018_5865\HolaMundo\HolaMundo\HolaMundo.csproj&#39;

Parsing project files
    Found assembly &#39;C:\5865\donet_2018_5865\HolaMundo\HolaMundo\bin\Debug\HolaMundo.exe&#39;

References to include (excluding framework assemblies):
    None

Copying XML comments files
    C:\5865\donet_2018_5865\HolaMundo\HolaMundo\bin\Debug\HolaMundo.xml -&gt; C:\5865\donet_2018_5865\HolaMundo\DocumentacionHolaMundo\Help\Working\HolaMundo.xml
</buildStep>
<buildStep step="GenerateSharedContent">
Generating shared content files (en-US, Ingl&#233;s (Estados Unidos))...
<plugIn name="Lightweight Website Style" behavior="After" priority="1000">
</plugIn>    Last step completed in 00:00:00,0203
</buildStep>
<buildStep step="GenerateApiFilter">
Generating API filter for MRefBuilder...
    Last step completed in 00:00:00,0011
</buildStep>
<buildStep step="GenerateReflectionInfo">
Generating reflection information...
[C:\Program Files (x86)\Microsoft Visual Studio\2017\Community\MSBuild\15.0\Bin\MSBuild.exe - GenerateRefInfo.proj]
Compilaci&#162;n iniciada a las 28/01/2019 14:10:36.
Proyecto &quot;C:\5865\donet_2018_5865\HolaMundo\DocumentacionHolaMundo\Help\Working\GenerateRefInfo.proj&quot; en nodo 1 (destinos predeterminados).
PrepareForBuild:
  Creando directorio &quot;obj\Debug\&quot;.
GenerateRefInfo:
  MRefBuilder (v2018.12.10.0)
  Copyright &#184; 2006-2018, Microsoft Corporation, All Rights Reserved.
  Portions Copyright &#184; 2006-2018, Eric Woodruff, All Rights Reserved.
  No source code context base path specified.  Source context information is unavailable.
  Loaded 1 assemblies for reflection and 1 dependency assemblies.
  Wrote information on 0 namespaces, 0 types, and 0 members
  Copiando el archivo de &quot;reflection.org&quot; en &quot;reflection.all&quot;.
  XslTransform (v2018.12.10.0)
  Copyright &#184; 2006-2018, Microsoft Corporation, All Rights Reserved.
  Portions Copyright &#184; 2006-2018, Eric Woodruff, All Rights Reserved.
  Applying XSL transformation &#39;C:\Program Files (x86)\EWSoftware\Sandcastle Help File Builder\ProductionTransforms\MergeDuplicates.xsl&#39;.
Compilaci&#162;n del proyecto terminada &quot;C:\5865\donet_2018_5865\HolaMundo\DocumentacionHolaMundo\Help\Working\GenerateRefInfo.proj&quot; (destinos predeterminados).
    Last step completed in 00:00:01,2040
</buildStep>
<buildStep step="TransformReflectionInfo">
Transforming reflection output...
[C:\Program Files (x86)\Microsoft Visual Studio\2017\Community\MSBuild\15.0\Bin\MSBuild.exe - TransformManifest.proj]
Compilaci&#162;n iniciada a las 28/01/2019 14:10:37.
Proyecto &quot;C:\5865\donet_2018_5865\HolaMundo\DocumentacionHolaMundo\Help\Working\TransformManifest.proj&quot; en nodo 1 (destinos predeterminados).
TransformManifest:
  XslTransform (v2018.12.10.0)
  Copyright &#184; 2006-2018, Microsoft Corporation, All Rights Reserved.
  Portions Copyright &#184; 2006-2018, Eric Woodruff, All Rights Reserved.
  Applying XSL transformation &#39;C:\Program Files (x86)\EWSoftware\Sandcastle Help File Builder\\ProductionTransforms\ApplyVSDocModel.xsl&#39;.
  Copiando el archivo de &quot;reflection.xml&quot; en &quot;reflection.nofilenames&quot;.
  XslTransform (v2018.12.10.0)
  Copyright &#184; 2006-2018, Microsoft Corporation, All Rights Reserved.
  Portions Copyright &#184; 2006-2018, Eric Woodruff, All Rights Reserved.
  Applying XSL transformation &#39;C:\Program Files (x86)\EWSoftware\Sandcastle Help File Builder\ProductionTransforms\AddFilenames.xsl&#39;.
  XslTransform (v2018.12.10.0)
  Copyright &#184; 2006-2018, Microsoft Corporation, All Rights Reserved.
  Portions Copyright &#184; 2006-2018, Eric Woodruff, All Rights Reserved.
  Applying XSL transformation &#39;C:\Program Files (x86)\EWSoftware\Sandcastle Help File Builder\ProductionTransforms\ReflectionToManifest.xsl&#39;.
Compilaci&#162;n del proyecto terminada &quot;C:\5865\donet_2018_5865\HolaMundo\DocumentacionHolaMundo\Help\Working\TransformManifest.proj&quot; (destinos predeterminados).
    Last step completed in 00:00:00,8781
</buildStep>
<buildStep step="Failed">

SHFB: Error BE0033: No APIs found to document.  See error topic in help file for details.
   en SandcastleBuilder.Utils.BuildEngine.BuildProcess.Build()

</buildStep>
</shfbBuild>
